2020-02-20 05:04:55,186 [1] INFO POExileDirection.DeadlyLog4Net - 〓〓〓〓〓 ↓↓↓ Launcher Load ↓↓↓ 〓〓〓〓〓
2020-02-20 05:04:55,214 [1] INFO POExileDirection.DeadlyLog4Net - FONT Exist
2020-02-20 05:04:55,334 [1] INFO POExileDirection.DeadlyLog4Net - Show Local Chat : True
2020-02-20 05:04:55,334 [1] INFO POExileDirection.DeadlyLog4Net - UI Language : ENG
2020-02-20 05:04:55,334 [1] INFO POExileDirection.DeadlyLog4Net - Flask Keys #1 49, #2 50, #3 51, #4 52, #5 53
2020-02-20 05:04:55,335 [1] INFO POExileDirection.DeadlyLog4Net - Skill Keys #Q 81, #W 87, #E 69, #R 82, #T 84
2020-02-20 05:04:55,335 [1] INFO POExileDirection.DeadlyLog4Net - resolution_height : 1080, resolution_width : 1920
2020-02-20 05:04:55,336 [1] INFO POExileDirection.DeadlyLog4Net - 112.161.83.15574D43511C23B
2020-02-20 05:04:55,639 [1] INFO POExileDirection.DeadlyLog4Net - Check_Authentication  : 112.161.83.15574D43511C23B
2020-02-20 05:04:56,419 [1] INFO POExileDirection.DeadlyLog4Net - LOGIN Welcome : 112.161.83.15574D43511C23B
2020-02-20 05:04:58,263 [1] INFO POExileDirection.DeadlyLog4Net - Get_NinjaData RESOLUTION : G:\ReposNew\POExileDirection\bin\Release\ConfigPath.ini
2020-02-20 05:04:58,266 [1] INFO POExileDirection.DeadlyLog4Net - CTRL+MOUSEWHEEL Checked : Y
2020-02-20 05:04:58,276 [1] INFO POExileDirection.DeadlyLog4Net - checkUseWheelStash : Y
2020-02-20 05:04:58,277 [1] INFO POExileDirection.DeadlyLog4Net - EMERGENCYKEY Checked : Y
2020-02-20 05:04:58,297 [1] INFO POExileDirection.DeadlyLog4Net - checkEmergency : Y
2020-02-20 05:04:58,298 [1] INFO POExileDirection.DeadlyLog4Net - REMAININGKEY Checked : Y
2020-02-20 05:04:58,307 [1] INFO POExileDirection.DeadlyLog4Net - checkRemaining : Y
2020-02-20 05:04:58,308 [1] INFO POExileDirection.DeadlyLog4Net - FINDBYPOSITIONKEY Checked : Y
2020-02-20 05:04:58,314 [1] INFO POExileDirection.DeadlyLog4Net - checkFindbyPosition : Y
2020-02-20 05:04:58,315 [1] INFO POExileDirection.DeadlyLog4Net - JUNKEY Checked : Y
2020-02-20 05:04:58,321 [1] INFO POExileDirection.DeadlyLog4Net - checkSyndicateJUN : Y
2020-02-20 05:04:58,322 [1] INFO POExileDirection.DeadlyLog4Net - HIDEOUTKEY Checked : Y
2020-02-20 05:04:58,327 [1] INFO POExileDirection.DeadlyLog4Net - checkHideout : Y
2020-02-20 05:04:58,329 [1] INFO POExileDirection.DeadlyLog4Net - ALVAKEY Checked : Y
2020-02-20 05:04:58,335 [1] INFO POExileDirection.DeadlyLog4Net - checkTempleALVA : Y
2020-02-20 05:04:58,336 [1] INFO POExileDirection.DeadlyLog4Net - AtlasZANAKEY Checked : Y
2020-02-20 05:04:58,341 [1] INFO POExileDirection.DeadlyLog4Net - checkAtlasZANA : Y
2020-02-20 05:04:58,342 [1] INFO POExileDirection.DeadlyLog4Net - PUSHPINLOCK = Y
2020-02-20 05:05:03,015 [1] INFO POExileDirection.DeadlyLog4Net - TimerDetect_Tick RESOLUTION : G:\ReposNew\POExileDirection\bin\Release\ConfigPath.ini
2020-02-20 05:05:03,022 [1] INFO POExileDirection.DeadlyLog4Net - TimerDetect_Tick CTRL+MOUSEWHEEL : Y
2020-02-20 05:05:03,288 [1] INFO POExileDirection.DeadlyLog4Net - strRead : 1.4.0.0 Your version : 1.4.0.0
2020-02-20 05:05:03,289 [1] INFO POExileDirection.DeadlyLog4Net - MoveNext RESOLUTION : G:\ReposNew\POExileDirection\bin\Release\ConfigPath.ini
2020-02-20 05:05:04,059 [1] INFO POExileDirection.DeadlyLog4Net - ▶ DeadlyTrade Main Control Form Started
2020-02-20 05:05:04,066 [1] INFO POExileDirection.DeadlyLog4Net - Validate_POELogFile RESOLUTION : G:\ReposNew\POExileDirection\bin\Release\ConfigPath.ini
2020-02-20 05:05:04,292 [1] INFO POExileDirection.DeadlyLog4Net - Init_ControlFormPosition RESOLUTION : G:\ReposNew\POExileDirection\bin\Release\ConfigPath.ini
2020-02-20 05:05:06,640 [1] INFO POExileDirection.DeadlyLog4Net - CTRL+MOUSEWHEEL : Y
2020-02-20 05:05:11,170 [1] INFO POExileDirection.DeadlyLog4Net - ============= Check Parsing Start =============
2020-02-20 05:05:11,170 [1] INFO POExileDirection.DeadlyLog4Net - Rarity: Rare
Vortex Song
Royal Skean

2020-02-20 05:05:11,170 [1] INFO POExileDirection.DeadlyLog4Net - ============= Check Parsing End =============
2020-02-20 05:05:11,170 [1] INFO POExileDirection.DeadlyLog4Net - Rare  
2020-02-20 05:05:11,170 [1] INFO POExileDirection.DeadlyLog4Net - Rare  
2020-02-20 05:05:11,170 [1] INFO POExileDirection.DeadlyLog4Net - Rare  
2020-02-20 05:05:11,170 [1] INFO POExileDirection.DeadlyLog4Net - ============= Check Parsing Start =============
2020-02-20 05:05:11,170 [1] INFO POExileDirection.DeadlyLog4Net - 
Rune Dagger
Physical Damage: 16-64
Critical Strike Chance: 6.30%
Attacks per Second: 1.45
Weapon Range: 10

2020-02-20 05:05:11,170 [1] INFO POExileDirection.DeadlyLog4Net - ============= Check Parsing End =============
2020-02-20 05:05:11,173 [1] ERROR POExileDirection.DeadlyLog4Net - Parse ItemClipboardText GetItemDataFromClipboard
System.IndexOutOfRangeException: 인덱스가 배열 범위를 벗어났습니다.
   위치: POExileDirection.DeadlyPriceAPI.GetItemDataFromClipboard(String strItemClipboardText) 파일 G:\ReposNew\POExileDirection\DeadlyPriceCheck\DeadlyPriceAPI.cs:줄 211
2020-02-20 05:06:16,168 [1] INFO POExileDirection.DeadlyLog4Net - LOGOUT : 112.161.83.15574D43511C23B Elapsedminute : 0
2020-02-20 05:06:16,168 [1] INFO POExileDirection.DeadlyLog4Net - 〓〓〓〓〓 ↑↑↑ Launcher END ↑↑↑ 〓〓〓〓〓
2020-02-20 05:06:16,396 [1] INFO POExileDirection.DeadlyLog4Net - LOGOUT : 112.161.83.15574D43511C23B Elapsedminute : 0
2020-02-20 05:06:16,399 [1] INFO POExileDirection.DeadlyLog4Net - ▶ DeadlyTrade Main Control Form Closed
