2020-02-24 02:45:23,999 [1] INFO POExileDirection.DeadlyLog4Net - 〓〓〓〓〓 ↓↓↓ Launcher Load ↓↓↓ 〓〓〓〓〓
2020-02-24 02:45:24,053 [1] INFO POExileDirection.DeadlyLog4Net - FONT Exist
2020-02-24 02:45:24,181 [1] INFO POExileDirection.DeadlyLog4Net - Show Local Chat : True
2020-02-24 02:45:24,181 [1] INFO POExileDirection.DeadlyLog4Net - UI Language : ENG
2020-02-24 02:45:24,182 [1] INFO POExileDirection.DeadlyLog4Net - Flask Keys #1 49, #2 50, #3 51, #4 52, #5 53
2020-02-24 02:45:24,182 [1] INFO POExileDirection.DeadlyLog4Net - Skill Keys #Q 81, #W 87, #E 69, #R 82, #T 84
2020-02-24 02:45:24,182 [1] INFO POExileDirection.DeadlyLog4Net - resolution_height : 1080, resolution_width : 1920
2020-02-24 02:45:24,184 [1] INFO POExileDirection.DeadlyLog4Net - 112.161.83.15574D43511C23B
2020-02-24 02:45:24,303 [1] INFO POExileDirection.DeadlyLog4Net - Check_Authentication  : 112.161.83.15574D43511C23B
2020-02-24 02:45:24,910 [1] INFO POExileDirection.DeadlyLog4Net - LOGIN Welcome : 112.161.83.15574D43511C23B
2020-02-24 02:45:26,729 [1] INFO POExileDirection.DeadlyLog4Net - Get_NinjaData RESOLUTION : G:\ReposNew\POExileDirection\bin\Debug\ConfigPath.ini
2020-02-24 02:45:26,742 [1] INFO POExileDirection.DeadlyLog4Net - CTRL+MOUSEWHEEL Checked : Y
2020-02-24 02:45:26,759 [1] INFO POExileDirection.DeadlyLog4Net - checkUseWheelStash : Y
2020-02-24 02:45:26,760 [1] INFO POExileDirection.DeadlyLog4Net - EMERGENCYKEY Checked : Y
2020-02-24 02:45:26,768 [1] INFO POExileDirection.DeadlyLog4Net - checkEmergency : Y
2020-02-24 02:45:26,769 [1] INFO POExileDirection.DeadlyLog4Net - REMAININGKEY Checked : Y
2020-02-24 02:45:26,787 [1] INFO POExileDirection.DeadlyLog4Net - checkRemaining : Y
2020-02-24 02:45:26,787 [1] INFO POExileDirection.DeadlyLog4Net - FINDBYPOSITIONKEY Checked : Y
2020-02-24 02:45:26,799 [1] INFO POExileDirection.DeadlyLog4Net - checkFindbyPosition : Y
2020-02-24 02:45:26,800 [1] INFO POExileDirection.DeadlyLog4Net - JUNKEY Checked : Y
2020-02-24 02:45:26,811 [1] INFO POExileDirection.DeadlyLog4Net - checkSyndicateJUN : Y
2020-02-24 02:45:26,812 [1] INFO POExileDirection.DeadlyLog4Net - HIDEOUTKEY Checked : Y
2020-02-24 02:45:26,818 [1] INFO POExileDirection.DeadlyLog4Net - checkHideout : Y
2020-02-24 02:45:26,819 [1] INFO POExileDirection.DeadlyLog4Net - ALVAKEY Checked : Y
2020-02-24 02:45:26,825 [1] INFO POExileDirection.DeadlyLog4Net - checkTempleALVA : Y
2020-02-24 02:45:26,826 [1] INFO POExileDirection.DeadlyLog4Net - AtlasZANAKEY Checked : Y
2020-02-24 02:45:26,832 [1] INFO POExileDirection.DeadlyLog4Net - checkAtlasZANA : Y
2020-02-24 02:45:26,833 [1] INFO POExileDirection.DeadlyLog4Net - PUSHPINLOCK = Y
2020-02-24 02:45:44,625 [1] INFO POExileDirection.DeadlyLog4Net - TimerDetect_Tick RESOLUTION : G:\ReposNew\POExileDirection\bin\Debug\ConfigPath.ini
2020-02-24 02:45:44,633 [1] INFO POExileDirection.DeadlyLog4Net - TimerDetect_Tick CTRL+MOUSEWHEEL : Y
2020-02-24 02:45:44,864 [1] INFO POExileDirection.DeadlyLog4Net - strRead : 1.4.0.0 Your version : 1.4.0.0
2020-02-24 02:45:44,876 [1] INFO POExileDirection.DeadlyLog4Net - MoveNext RESOLUTION : G:\ReposNew\POExileDirection\bin\Debug\ConfigPath.ini
2020-02-24 02:45:45,535 [1] INFO POExileDirection.DeadlyLog4Net - ▶ DeadlyTrade Main Control Form Started
2020-02-24 02:45:45,565 [1] INFO POExileDirection.DeadlyLog4Net - Validate_POELogFile RESOLUTION : G:\ReposNew\POExileDirection\bin\Debug\ConfigPath.ini
2020-02-24 02:45:45,738 [1] INFO POExileDirection.DeadlyLog4Net - Init_ControlFormPosition RESOLUTION : G:\ReposNew\POExileDirection\bin\Debug\ConfigPath.ini
2020-02-24 02:45:48,078 [1] INFO POExileDirection.DeadlyLog4Net - CTRL+MOUSEWHEEL : Y
2020-02-24 02:47:43,080 [1] INFO POExileDirection.DeadlyLog4Net - LOGOUT : 112.161.83.15574D43511C23B Elapsedminute : 0
2020-02-24 02:47:43,089 [1] INFO POExileDirection.DeadlyLog4Net - ▶ DeadlyTrade Main Control Form Closed
2020-02-24 02:47:48,817 [1] INFO POExileDirection.DeadlyLog4Net - 〓〓〓〓〓 ↓↓↓ Launcher Load ↓↓↓ 〓〓〓〓〓
2020-02-24 02:47:48,850 [1] INFO POExileDirection.DeadlyLog4Net - FONT Exist
2020-02-24 02:47:48,922 [1] INFO POExileDirection.DeadlyLog4Net - Show Local Chat : True
2020-02-24 02:47:48,922 [1] INFO POExileDirection.DeadlyLog4Net - UI Language : ENG
2020-02-24 02:47:48,922 [1] INFO POExileDirection.DeadlyLog4Net - Flask Keys #1 49, #2 50, #3 51, #4 52, #5 53
2020-02-24 02:47:48,922 [1] INFO POExileDirection.DeadlyLog4Net - Skill Keys #Q 81, #W 87, #E 69, #R 82, #T 84
2020-02-24 02:47:48,923 [1] INFO POExileDirection.DeadlyLog4Net - resolution_height : 1080, resolution_width : 1920
2020-02-24 02:47:48,924 [1] INFO POExileDirection.DeadlyLog4Net - 112.161.83.15574D43511C23B
2020-02-24 02:47:49,061 [1] INFO POExileDirection.DeadlyLog4Net - Check_Authentication  : 112.161.83.15574D43511C23B
2020-02-24 02:47:50,251 [1] INFO POExileDirection.DeadlyLog4Net - LOGIN Welcome : 112.161.83.15574D43511C23B
2020-02-24 02:47:52,220 [1] INFO POExileDirection.DeadlyLog4Net - Get_NinjaData RESOLUTION : G:\ReposNew\POExileDirection\bin\Debug\ConfigPath.ini
2020-02-24 02:47:52,224 [1] INFO POExileDirection.DeadlyLog4Net - CTRL+MOUSEWHEEL Checked : Y
2020-02-24 02:47:52,234 [1] INFO POExileDirection.DeadlyLog4Net - checkUseWheelStash : Y
2020-02-24 02:47:52,235 [1] INFO POExileDirection.DeadlyLog4Net - EMERGENCYKEY Checked : Y
2020-02-24 02:47:52,256 [1] INFO POExileDirection.DeadlyLog4Net - checkEmergency : Y
2020-02-24 02:47:52,257 [1] INFO POExileDirection.DeadlyLog4Net - REMAININGKEY Checked : Y
2020-02-24 02:47:52,265 [1] INFO POExileDirection.DeadlyLog4Net - checkRemaining : Y
2020-02-24 02:47:52,266 [1] INFO POExileDirection.DeadlyLog4Net - FINDBYPOSITIONKEY Checked : Y
2020-02-24 02:47:52,272 [1] INFO POExileDirection.DeadlyLog4Net - checkFindbyPosition : Y
2020-02-24 02:47:52,273 [1] INFO POExileDirection.DeadlyLog4Net - JUNKEY Checked : Y
2020-02-24 02:47:52,278 [1] INFO POExileDirection.DeadlyLog4Net - checkSyndicateJUN : Y
2020-02-24 02:47:52,279 [1] INFO POExileDirection.DeadlyLog4Net - HIDEOUTKEY Checked : Y
2020-02-24 02:47:52,284 [1] INFO POExileDirection.DeadlyLog4Net - checkHideout : Y
2020-02-24 02:47:52,285 [1] INFO POExileDirection.DeadlyLog4Net - ALVAKEY Checked : Y
2020-02-24 02:47:52,291 [1] INFO POExileDirection.DeadlyLog4Net - checkTempleALVA : Y
2020-02-24 02:47:52,292 [1] INFO POExileDirection.DeadlyLog4Net - AtlasZANAKEY Checked : Y
2020-02-24 02:47:52,298 [1] INFO POExileDirection.DeadlyLog4Net - checkAtlasZANA : Y
2020-02-24 02:47:52,298 [1] INFO POExileDirection.DeadlyLog4Net - PUSHPINLOCK = Y
2020-02-24 02:47:57,080 [1] INFO POExileDirection.DeadlyLog4Net - TimerDetect_Tick RESOLUTION : G:\ReposNew\POExileDirection\bin\Debug\ConfigPath.ini
2020-02-24 02:47:57,089 [1] INFO POExileDirection.DeadlyLog4Net - TimerDetect_Tick CTRL+MOUSEWHEEL : Y
2020-02-24 02:47:57,333 [1] INFO POExileDirection.DeadlyLog4Net - strRead : 1.4.0.0 Your version : 1.4.0.0
2020-02-24 02:47:57,338 [1] INFO POExileDirection.DeadlyLog4Net - MoveNext RESOLUTION : G:\ReposNew\POExileDirection\bin\Debug\ConfigPath.ini
2020-02-24 02:47:58,093 [1] INFO POExileDirection.DeadlyLog4Net - ▶ DeadlyTrade Main Control Form Started
2020-02-24 02:47:58,121 [1] INFO POExileDirection.DeadlyLog4Net - Validate_POELogFile RESOLUTION : G:\ReposNew\POExileDirection\bin\Debug\ConfigPath.ini
2020-02-24 02:47:58,297 [1] INFO POExileDirection.DeadlyLog4Net - Init_ControlFormPosition RESOLUTION : G:\ReposNew\POExileDirection\bin\Debug\ConfigPath.ini
2020-02-24 02:48:00,634 [1] INFO POExileDirection.DeadlyLog4Net - CTRL+MOUSEWHEEL : Y
2020-02-24 02:51:05,559 [1] INFO POExileDirection.DeadlyLog4Net - LOGOUT : 112.161.83.15574D43511C23B Elapsedminute : 0
2020-02-24 02:51:05,567 [1] INFO POExileDirection.DeadlyLog4Net - ▶ DeadlyTrade Main Control Form Closed
2020-02-24 02:51:09,675 [1] INFO POExileDirection.DeadlyLog4Net - 〓〓〓〓〓 ↓↓↓ Launcher Load ↓↓↓ 〓〓〓〓〓
2020-02-24 02:51:09,729 [1] INFO POExileDirection.DeadlyLog4Net - FONT Exist
2020-02-24 02:51:09,868 [1] INFO POExileDirection.DeadlyLog4Net - Show Local Chat : True
2020-02-24 02:51:09,868 [1] INFO POExileDirection.DeadlyLog4Net - UI Language : ENG
2020-02-24 02:51:09,869 [1] INFO POExileDirection.DeadlyLog4Net - Flask Keys #1 49, #2 50, #3 51, #4 52, #5 53
2020-02-24 02:51:09,869 [1] INFO POExileDirection.DeadlyLog4Net - Skill Keys #Q 81, #W 87, #E 69, #R 82, #T 84
2020-02-24 02:51:09,869 [1] INFO POExileDirection.DeadlyLog4Net - resolution_height : 1080, resolution_width : 1920
2020-02-24 02:51:09,871 [1] INFO POExileDirection.DeadlyLog4Net - 112.161.83.15574D43511C23B
2020-02-24 02:51:10,638 [1] INFO POExileDirection.DeadlyLog4Net - Check_Authentication  : 112.161.83.15574D43511C23B
2020-02-24 02:51:11,190 [1] INFO POExileDirection.DeadlyLog4Net - LOGIN Welcome : 112.161.83.15574D43511C23B
2020-02-24 02:51:12,977 [1] INFO POExileDirection.DeadlyLog4Net - Get_NinjaData RESOLUTION : G:\ReposNew\POExileDirection\bin\Debug\ConfigPath.ini
2020-02-24 02:51:12,980 [1] INFO POExileDirection.DeadlyLog4Net - CTRL+MOUSEWHEEL Checked : Y
2020-02-24 02:51:12,986 [1] INFO POExileDirection.DeadlyLog4Net - checkUseWheelStash : Y
2020-02-24 02:51:12,986 [1] INFO POExileDirection.DeadlyLog4Net - EMERGENCYKEY Checked : Y
2020-02-24 02:51:12,995 [1] INFO POExileDirection.DeadlyLog4Net - checkEmergency : Y
2020-02-24 02:51:12,995 [1] INFO POExileDirection.DeadlyLog4Net - REMAININGKEY Checked : Y
2020-02-24 02:51:13,004 [1] INFO POExileDirection.DeadlyLog4Net - checkRemaining : Y
2020-02-24 02:51:13,004 [1] INFO POExileDirection.DeadlyLog4Net - FINDBYPOSITIONKEY Checked : Y
2020-02-24 02:51:13,010 [1] INFO POExileDirection.DeadlyLog4Net - checkFindbyPosition : Y
2020-02-24 02:51:13,011 [1] INFO POExileDirection.DeadlyLog4Net - JUNKEY Checked : Y
2020-02-24 02:51:13,017 [1] INFO POExileDirection.DeadlyLog4Net - checkSyndicateJUN : Y
2020-02-24 02:51:13,017 [1] INFO POExileDirection.DeadlyLog4Net - HIDEOUTKEY Checked : Y
2020-02-24 02:51:13,024 [1] INFO POExileDirection.DeadlyLog4Net - checkHideout : Y
2020-02-24 02:51:13,024 [1] INFO POExileDirection.DeadlyLog4Net - ALVAKEY Checked : Y
2020-02-24 02:51:13,030 [1] INFO POExileDirection.DeadlyLog4Net - checkTempleALVA : Y
2020-02-24 02:51:13,031 [1] INFO POExileDirection.DeadlyLog4Net - AtlasZANAKEY Checked : Y
2020-02-24 02:51:13,036 [1] INFO POExileDirection.DeadlyLog4Net - checkAtlasZANA : Y
2020-02-24 02:51:13,037 [1] INFO POExileDirection.DeadlyLog4Net - PUSHPINLOCK = Y
2020-02-24 02:51:17,825 [1] INFO POExileDirection.DeadlyLog4Net - TimerDetect_Tick RESOLUTION : G:\ReposNew\POExileDirection\bin\Debug\ConfigPath.ini
2020-02-24 02:51:17,829 [1] INFO POExileDirection.DeadlyLog4Net - TimerDetect_Tick CTRL+MOUSEWHEEL : Y
2020-02-24 02:51:18,044 [1] INFO POExileDirection.DeadlyLog4Net - strRead : 1.4.0.0 Your version : 1.4.0.0
2020-02-24 02:51:18,048 [1] INFO POExileDirection.DeadlyLog4Net - MoveNext RESOLUTION : G:\ReposNew\POExileDirection\bin\Debug\ConfigPath.ini
2020-02-24 02:51:20,103 [1] INFO POExileDirection.DeadlyLog4Net - ▶ DeadlyTrade Main Control Form Started
2020-02-24 02:51:20,133 [1] INFO POExileDirection.DeadlyLog4Net - Validate_POELogFile RESOLUTION : G:\ReposNew\POExileDirection\bin\Debug\ConfigPath.ini
2020-02-24 02:51:20,303 [1] INFO POExileDirection.DeadlyLog4Net - Init_ControlFormPosition RESOLUTION : G:\ReposNew\POExileDirection\bin\Debug\ConfigPath.ini
2020-02-24 02:51:22,664 [1] INFO POExileDirection.DeadlyLog4Net - CTRL+MOUSEWHEEL : Y
2020-02-24 02:51:47,681 [1] INFO POExileDirection.DeadlyLog4Net - LOGOUT : 112.161.83.15574D43511C23B Elapsedminute : 0
2020-02-24 02:51:47,689 [1] INFO POExileDirection.DeadlyLog4Net - ▶ DeadlyTrade Main Control Form Closed
2020-02-24 02:52:18,688 [1] INFO POExileDirection.DeadlyLog4Net - 〓〓〓〓〓 ↓↓↓ Launcher Load ↓↓↓ 〓〓〓〓〓
2020-02-24 02:52:19,291 [1] INFO POExileDirection.DeadlyLog4Net - FONT Exist
2020-02-24 02:52:20,133 [1] INFO POExileDirection.DeadlyLog4Net - Show Local Chat : True
2020-02-24 02:52:20,134 [1] INFO POExileDirection.DeadlyLog4Net - UI Language : ENG
2020-02-24 02:52:20,134 [1] INFO POExileDirection.DeadlyLog4Net - Flask Keys #1 49, #2 50, #3 51, #4 52, #5 53
2020-02-24 02:52:20,134 [1] INFO POExileDirection.DeadlyLog4Net - Skill Keys #Q 81, #W 87, #E 69, #R 82, #T 84
2020-02-24 02:52:20,134 [1] INFO POExileDirection.DeadlyLog4Net - resolution_height : 1080, resolution_width : 1920
2020-02-24 02:52:20,136 [1] INFO POExileDirection.DeadlyLog4Net - 112.161.83.15574D43511C23B
2020-02-24 02:52:20,622 [1] INFO POExileDirection.DeadlyLog4Net - Check_Authentication  : 112.161.83.15574D43511C23B
2020-02-24 02:52:21,356 [1] INFO POExileDirection.DeadlyLog4Net - LOGIN Welcome : 112.161.83.15574D43511C23B
2020-02-24 02:52:23,250 [1] INFO POExileDirection.DeadlyLog4Net - Get_NinjaData RESOLUTION : G:\ReposNew\POExileDirection\bin\Debug\ConfigPath.ini
2020-02-24 02:52:23,253 [1] INFO POExileDirection.DeadlyLog4Net - CTRL+MOUSEWHEEL Checked : Y
2020-02-24 02:52:23,261 [1] INFO POExileDirection.DeadlyLog4Net - checkUseWheelStash : Y
2020-02-24 02:52:23,261 [1] INFO POExileDirection.DeadlyLog4Net - EMERGENCYKEY Checked : Y
2020-02-24 02:52:23,269 [1] INFO POExileDirection.DeadlyLog4Net - checkEmergency : Y
2020-02-24 02:52:23,270 [1] INFO POExileDirection.DeadlyLog4Net - REMAININGKEY Checked : Y
2020-02-24 02:52:23,278 [1] INFO POExileDirection.DeadlyLog4Net - checkRemaining : Y
2020-02-24 02:52:23,279 [1] INFO POExileDirection.DeadlyLog4Net - FINDBYPOSITIONKEY Checked : Y
2020-02-24 02:52:23,284 [1] INFO POExileDirection.DeadlyLog4Net - checkFindbyPosition : Y
2020-02-24 02:52:23,285 [1] INFO POExileDirection.DeadlyLog4Net - JUNKEY Checked : Y
2020-02-24 02:52:23,290 [1] INFO POExileDirection.DeadlyLog4Net - checkSyndicateJUN : Y
2020-02-24 02:52:23,291 [1] INFO POExileDirection.DeadlyLog4Net - HIDEOUTKEY Checked : Y
2020-02-24 02:52:23,297 [1] INFO POExileDirection.DeadlyLog4Net - checkHideout : Y
2020-02-24 02:52:23,298 [1] INFO POExileDirection.DeadlyLog4Net - ALVAKEY Checked : Y
2020-02-24 02:52:23,304 [1] INFO POExileDirection.DeadlyLog4Net - checkTempleALVA : Y
2020-02-24 02:52:23,305 [1] INFO POExileDirection.DeadlyLog4Net - AtlasZANAKEY Checked : Y
2020-02-24 02:52:23,311 [1] INFO POExileDirection.DeadlyLog4Net - checkAtlasZANA : Y
2020-02-24 02:52:23,311 [1] INFO POExileDirection.DeadlyLog4Net - PUSHPINLOCK = Y
2020-02-24 02:52:28,842 [1] INFO POExileDirection.DeadlyLog4Net - TimerDetect_Tick RESOLUTION : G:\ReposNew\POExileDirection\bin\Debug\ConfigPath.ini
2020-02-24 02:52:28,848 [1] INFO POExileDirection.DeadlyLog4Net - TimerDetect_Tick CTRL+MOUSEWHEEL : Y
2020-02-24 02:52:29,091 [1] INFO POExileDirection.DeadlyLog4Net - strRead : 1.4.0.0 Your version : 1.4.0.0
2020-02-24 02:52:29,093 [1] INFO POExileDirection.DeadlyLog4Net - MoveNext RESOLUTION : G:\ReposNew\POExileDirection\bin\Debug\ConfigPath.ini
2020-02-24 02:52:29,845 [1] INFO POExileDirection.DeadlyLog4Net - ▶ DeadlyTrade Main Control Form Started
2020-02-24 02:52:29,874 [1] INFO POExileDirection.DeadlyLog4Net - Validate_POELogFile RESOLUTION : G:\ReposNew\POExileDirection\bin\Debug\ConfigPath.ini
2020-02-24 02:52:30,052 [1] INFO POExileDirection.DeadlyLog4Net - Init_ControlFormPosition RESOLUTION : G:\ReposNew\POExileDirection\bin\Debug\ConfigPath.ini
2020-02-24 02:54:25,674 [1] INFO POExileDirection.DeadlyLog4Net - 〓〓〓〓〓 ↓↓↓ Launcher Load ↓↓↓ 〓〓〓〓〓
2020-02-24 02:54:25,730 [1] INFO POExileDirection.DeadlyLog4Net - FONT Exist
2020-02-24 02:54:25,827 [1] INFO POExileDirection.DeadlyLog4Net - Show Local Chat : True
2020-02-24 02:54:25,827 [1] INFO POExileDirection.DeadlyLog4Net - UI Language : ENG
2020-02-24 02:54:25,827 [1] INFO POExileDirection.DeadlyLog4Net - Flask Keys #1 49, #2 50, #3 51, #4 52, #5 53
2020-02-24 02:54:25,827 [1] INFO POExileDirection.DeadlyLog4Net - Skill Keys #Q 81, #W 87, #E 69, #R 82, #T 84
2020-02-24 02:54:25,828 [1] INFO POExileDirection.DeadlyLog4Net - resolution_height : 1080, resolution_width : 1920
2020-02-24 02:54:25,829 [1] INFO POExileDirection.DeadlyLog4Net - 112.161.83.15574D43511C23B
2020-02-24 02:54:25,947 [1] INFO POExileDirection.DeadlyLog4Net - Check_Authentication  : 112.161.83.15574D43511C23B
2020-02-24 02:54:26,483 [1] INFO POExileDirection.DeadlyLog4Net - LOGIN Welcome : 112.161.83.15574D43511C23B
2020-02-24 02:54:28,296 [1] INFO POExileDirection.DeadlyLog4Net - Get_NinjaData RESOLUTION : G:\ReposNew\POExileDirection\bin\Debug\ConfigPath.ini
2020-02-24 02:54:28,300 [1] INFO POExileDirection.DeadlyLog4Net - CTRL+MOUSEWHEEL Checked : Y
2020-02-24 02:54:28,309 [1] INFO POExileDirection.DeadlyLog4Net - checkUseWheelStash : Y
2020-02-24 02:54:28,309 [1] INFO POExileDirection.DeadlyLog4Net - EMERGENCYKEY Checked : Y
2020-02-24 02:54:28,315 [1] INFO POExileDirection.DeadlyLog4Net - checkEmergency : Y
2020-02-24 02:54:28,316 [1] INFO POExileDirection.DeadlyLog4Net - REMAININGKEY Checked : Y
2020-02-24 02:54:28,332 [1] INFO POExileDirection.DeadlyLog4Net - checkRemaining : Y
2020-02-24 02:54:28,333 [1] INFO POExileDirection.DeadlyLog4Net - FINDBYPOSITIONKEY Checked : Y
2020-02-24 02:54:28,340 [1] INFO POExileDirection.DeadlyLog4Net - checkFindbyPosition : Y
2020-02-24 02:54:28,340 [1] INFO POExileDirection.DeadlyLog4Net - JUNKEY Checked : Y
2020-02-24 02:54:28,347 [1] INFO POExileDirection.DeadlyLog4Net - checkSyndicateJUN : Y
2020-02-24 02:54:28,348 [1] INFO POExileDirection.DeadlyLog4Net - HIDEOUTKEY Checked : Y
2020-02-24 02:54:28,355 [1] INFO POExileDirection.DeadlyLog4Net - checkHideout : Y
2020-02-24 02:54:28,356 [1] INFO POExileDirection.DeadlyLog4Net - ALVAKEY Checked : Y
2020-02-24 02:54:28,361 [1] INFO POExileDirection.DeadlyLog4Net - checkTempleALVA : Y
2020-02-24 02:54:28,362 [1] INFO POExileDirection.DeadlyLog4Net - AtlasZANAKEY Checked : Y
2020-02-24 02:54:28,367 [1] INFO POExileDirection.DeadlyLog4Net - checkAtlasZANA : Y
2020-02-24 02:54:28,367 [1] INFO POExileDirection.DeadlyLog4Net - PUSHPINLOCK = Y
2020-02-24 02:54:33,625 [1] INFO POExileDirection.DeadlyLog4Net - TimerDetect_Tick RESOLUTION : G:\ReposNew\POExileDirection\bin\Debug\ConfigPath.ini
2020-02-24 02:54:33,636 [1] INFO POExileDirection.DeadlyLog4Net - TimerDetect_Tick CTRL+MOUSEWHEEL : Y
2020-02-24 02:54:33,867 [1] INFO POExileDirection.DeadlyLog4Net - strRead : 1.4.0.0 Your version : 1.4.0.0
2020-02-24 02:54:33,880 [1] INFO POExileDirection.DeadlyLog4Net - MoveNext RESOLUTION : G:\ReposNew\POExileDirection\bin\Debug\ConfigPath.ini
2020-02-24 02:54:35,073 [1] INFO POExileDirection.DeadlyLog4Net - ▶ DeadlyTrade Main Control Form Started
2020-02-24 02:54:35,102 [1] INFO POExileDirection.DeadlyLog4Net - Validate_POELogFile RESOLUTION : G:\ReposNew\POExileDirection\bin\Debug\ConfigPath.ini
2020-02-24 02:54:35,283 [1] INFO POExileDirection.DeadlyLog4Net - Init_ControlFormPosition RESOLUTION : G:\ReposNew\POExileDirection\bin\Debug\ConfigPath.ini
2020-02-24 02:54:37,637 [1] INFO POExileDirection.DeadlyLog4Net - CTRL+MOUSEWHEEL : Y
2020-02-24 02:59:29,275 [1] INFO POExileDirection.DeadlyLog4Net - LOGOUT : 112.161.83.15574D43511C23B Elapsedminute : 0
2020-02-24 02:59:29,276 [1] INFO POExileDirection.DeadlyLog4Net - 〓〓〓〓〓 ↑↑↑ Launcher END ↑↑↑ 〓〓〓〓〓
2020-02-24 02:59:29,515 [1] INFO POExileDirection.DeadlyLog4Net - LOGOUT : 112.161.83.15574D43511C23B Elapsedminute : 0
2020-02-24 02:59:29,528 [1] INFO POExileDirection.DeadlyLog4Net - ▶ DeadlyTrade Main Control Form Closed
2020-02-24 03:00:14,865 [1] INFO POExileDirection.DeadlyLog4Net - 〓〓〓〓〓 ↓↓↓ Launcher Load ↓↓↓ 〓〓〓〓〓
2020-02-24 03:00:14,917 [1] INFO POExileDirection.DeadlyLog4Net - FONT Exist
2020-02-24 03:00:14,988 [1] INFO POExileDirection.DeadlyLog4Net - Show Local Chat : True
2020-02-24 03:00:14,988 [1] INFO POExileDirection.DeadlyLog4Net - UI Language : ENG
2020-02-24 03:00:14,991 [1] INFO POExileDirection.DeadlyLog4Net - Flask Keys #1 49, #2 50, #3 51, #4 52, #5 53
2020-02-24 03:00:14,991 [1] INFO POExileDirection.DeadlyLog4Net - Skill Keys #Q 81, #W 87, #E 69, #R 82, #T 84
2020-02-24 03:00:14,991 [1] INFO POExileDirection.DeadlyLog4Net - resolution_height : 1080, resolution_width : 1920
2020-02-24 03:00:14,993 [1] INFO POExileDirection.DeadlyLog4Net - 112.161.83.15574D43511C23B
2020-02-24 03:00:15,089 [1] INFO POExileDirection.DeadlyLog4Net - Check_Authentication  : 112.161.83.15574D43511C23B
2020-02-24 03:00:15,549 [1] INFO POExileDirection.DeadlyLog4Net - LOGIN Welcome : 112.161.83.15574D43511C23B
2020-02-24 03:00:17,458 [1] INFO POExileDirection.DeadlyLog4Net - Get_NinjaData RESOLUTION : G:\ReposNew\POExileDirection\bin\Debug\ConfigPath.ini
2020-02-24 03:00:17,461 [1] INFO POExileDirection.DeadlyLog4Net - CTRL+MOUSEWHEEL Checked : Y
2020-02-24 03:00:17,481 [1] INFO POExileDirection.DeadlyLog4Net - checkUseWheelStash : Y
2020-02-24 03:00:17,482 [1] INFO POExileDirection.DeadlyLog4Net - EMERGENCYKEY Checked : Y
2020-02-24 03:00:17,489 [1] INFO POExileDirection.DeadlyLog4Net - checkEmergency : Y
2020-02-24 03:00:17,490 [1] INFO POExileDirection.DeadlyLog4Net - REMAININGKEY Checked : Y
2020-02-24 03:00:17,498 [1] INFO POExileDirection.DeadlyLog4Net - checkRemaining : Y
2020-02-24 03:00:17,499 [1] INFO POExileDirection.DeadlyLog4Net - FINDBYPOSITIONKEY Checked : Y
2020-02-24 03:00:17,504 [1] INFO POExileDirection.DeadlyLog4Net - checkFindbyPosition : Y
2020-02-24 03:00:17,505 [1] INFO POExileDirection.DeadlyLog4Net - JUNKEY Checked : Y
2020-02-24 03:00:17,510 [1] INFO POExileDirection.DeadlyLog4Net - checkSyndicateJUN : Y
2020-02-24 03:00:17,511 [1] INFO POExileDirection.DeadlyLog4Net - HIDEOUTKEY Checked : Y
2020-02-24 03:00:17,516 [1] INFO POExileDirection.DeadlyLog4Net - checkHideout : Y
2020-02-24 03:00:17,517 [1] INFO POExileDirection.DeadlyLog4Net - ALVAKEY Checked : Y
2020-02-24 03:00:17,522 [1] INFO POExileDirection.DeadlyLog4Net - checkTempleALVA : Y
2020-02-24 03:00:17,523 [1] INFO POExileDirection.DeadlyLog4Net - AtlasZANAKEY Checked : Y
2020-02-24 03:00:17,529 [1] INFO POExileDirection.DeadlyLog4Net - checkAtlasZANA : Y
2020-02-24 03:00:17,529 [1] INFO POExileDirection.DeadlyLog4Net - PUSHPINLOCK = Y
2020-02-24 03:00:18,086 [1] INFO POExileDirection.DeadlyLog4Net - LOGOUT : 112.161.83.15574D43511C23B Elapsedminute : 0
2020-02-24 03:00:18,086 [1] INFO POExileDirection.DeadlyLog4Net - 〓〓〓〓〓 ↑↑↑ Launcher END ↑↑↑ 〓〓〓〓〓
2020-02-24 03:00:26,698 [1] INFO POExileDirection.DeadlyLog4Net - 〓〓〓〓〓 ↓↓↓ Launcher Load ↓↓↓ 〓〓〓〓〓
2020-02-24 03:00:26,760 [1] INFO POExileDirection.DeadlyLog4Net - FONT Exist
2020-02-24 03:00:27,090 [1] INFO POExileDirection.DeadlyLog4Net - Show Local Chat : True
2020-02-24 03:00:27,090 [1] INFO POExileDirection.DeadlyLog4Net - UI Language : ENG
2020-02-24 03:00:27,091 [1] INFO POExileDirection.DeadlyLog4Net - Flask Keys #1 49, #2 50, #3 51, #4 52, #5 53
2020-02-24 03:00:27,091 [1] INFO POExileDirection.DeadlyLog4Net - Skill Keys #Q 81, #W 87, #E 69, #R 82, #T 84
2020-02-24 03:00:27,091 [1] INFO POExileDirection.DeadlyLog4Net - resolution_height : 1080, resolution_width : 1920
2020-02-24 03:00:27,093 [1] INFO POExileDirection.DeadlyLog4Net - 112.161.83.15574D43511C23B
2020-02-24 03:00:27,389 [1] INFO POExileDirection.DeadlyLog4Net - Check_Authentication  : 112.161.83.15574D43511C23B
2020-02-24 03:00:28,210 [1] INFO POExileDirection.DeadlyLog4Net - LOGIN Welcome : 112.161.83.15574D43511C23B
2020-02-24 03:00:30,209 [1] INFO POExileDirection.DeadlyLog4Net - Get_NinjaData RESOLUTION : G:\ReposNew\POExileDirection\bin\Debug\ConfigPath.ini
2020-02-24 03:00:30,213 [1] INFO POExileDirection.DeadlyLog4Net - CTRL+MOUSEWHEEL Checked : Y
2020-02-24 03:00:30,231 [1] INFO POExileDirection.DeadlyLog4Net - checkUseWheelStash : Y
2020-02-24 03:00:30,231 [1] INFO POExileDirection.DeadlyLog4Net - EMERGENCYKEY Checked : Y
2020-02-24 03:00:30,240 [1] INFO POExileDirection.DeadlyLog4Net - checkEmergency : Y
2020-02-24 03:00:30,240 [1] INFO POExileDirection.DeadlyLog4Net - REMAININGKEY Checked : Y
2020-02-24 03:00:30,261 [1] INFO POExileDirection.DeadlyLog4Net - checkRemaining : Y
2020-02-24 03:00:30,262 [1] INFO POExileDirection.DeadlyLog4Net - FINDBYPOSITIONKEY Checked : Y
2020-02-24 03:00:30,267 [1] INFO POExileDirection.DeadlyLog4Net - checkFindbyPosition : Y
2020-02-24 03:00:30,268 [1] INFO POExileDirection.DeadlyLog4Net - JUNKEY Checked : Y
2020-02-24 03:00:30,285 [1] INFO POExileDirection.DeadlyLog4Net - checkSyndicateJUN : Y
2020-02-24 03:00:30,285 [1] INFO POExileDirection.DeadlyLog4Net - HIDEOUTKEY Checked : Y
2020-02-24 03:00:30,295 [1] INFO POExileDirection.DeadlyLog4Net - checkHideout : Y
2020-02-24 03:00:30,296 [1] INFO POExileDirection.DeadlyLog4Net - ALVAKEY Checked : Y
2020-02-24 03:00:30,312 [1] INFO POExileDirection.DeadlyLog4Net - checkTempleALVA : Y
2020-02-24 03:00:30,313 [1] INFO POExileDirection.DeadlyLog4Net - AtlasZANAKEY Checked : Y
2020-02-24 03:00:30,334 [1] INFO POExileDirection.DeadlyLog4Net - checkAtlasZANA : Y
2020-02-24 03:00:30,334 [1] INFO POExileDirection.DeadlyLog4Net - PUSHPINLOCK = Y
2020-02-24 03:00:48,539 [1] INFO POExileDirection.DeadlyLog4Net - TimerDetect_Tick RESOLUTION : G:\ReposNew\POExileDirection\bin\Debug\ConfigPath.ini
2020-02-24 03:00:48,561 [1] INFO POExileDirection.DeadlyLog4Net - TimerDetect_Tick CTRL+MOUSEWHEEL : Y
2020-02-24 03:00:48,786 [1] INFO POExileDirection.DeadlyLog4Net - strRead : 1.4.0.0 Your version : 1.4.0.0
2020-02-24 03:00:48,788 [1] INFO POExileDirection.DeadlyLog4Net - MoveNext RESOLUTION : G:\ReposNew\POExileDirection\bin\Debug\ConfigPath.ini
2020-02-24 03:00:49,481 [1] INFO POExileDirection.DeadlyLog4Net - ▶ DeadlyTrade Main Control Form Started
2020-02-24 03:00:49,513 [1] INFO POExileDirection.DeadlyLog4Net - Validate_POELogFile RESOLUTION : G:\ReposNew\POExileDirection\bin\Debug\ConfigPath.ini
2020-02-24 03:00:49,683 [1] INFO POExileDirection.DeadlyLog4Net - Init_ControlFormPosition RESOLUTION : G:\ReposNew\POExileDirection\bin\Debug\ConfigPath.ini
2020-02-24 03:03:44,913 [1] INFO POExileDirection.DeadlyLog4Net - 〓〓〓〓〓 ↓↓↓ Launcher Load ↓↓↓ 〓〓〓〓〓
2020-02-24 03:03:44,968 [1] INFO POExileDirection.DeadlyLog4Net - FONT Exist
2020-02-24 03:03:45,174 [1] INFO POExileDirection.DeadlyLog4Net - Show Local Chat : True
2020-02-24 03:03:45,174 [1] INFO POExileDirection.DeadlyLog4Net - UI Language : ENG
2020-02-24 03:03:45,174 [1] INFO POExileDirection.DeadlyLog4Net - Flask Keys #1 49, #2 50, #3 51, #4 52, #5 53
2020-02-24 03:03:45,174 [1] INFO POExileDirection.DeadlyLog4Net - Skill Keys #Q 81, #W 87, #E 69, #R 82, #T 84
2020-02-24 03:03:45,175 [1] INFO POExileDirection.DeadlyLog4Net - resolution_height : 1080, resolution_width : 1920
2020-02-24 03:03:45,176 [1] INFO POExileDirection.DeadlyLog4Net - 112.161.83.15574D43511C23B
2020-02-24 03:03:45,603 [1] INFO POExileDirection.DeadlyLog4Net - Check_Authentication  : 112.161.83.15574D43511C23B
2020-02-24 03:03:46,363 [1] INFO POExileDirection.DeadlyLog4Net - LOGIN Welcome : 112.161.83.15574D43511C23B
2020-02-24 03:03:48,319 [1] INFO POExileDirection.DeadlyLog4Net - Get_NinjaData RESOLUTION : G:\ReposNew\POExileDirection\bin\Debug\ConfigPath.ini
2020-02-24 03:03:48,322 [1] INFO POExileDirection.DeadlyLog4Net - CTRL+MOUSEWHEEL Checked : Y
2020-02-24 03:03:48,342 [1] INFO POExileDirection.DeadlyLog4Net - checkUseWheelStash : Y
2020-02-24 03:03:48,343 [1] INFO POExileDirection.DeadlyLog4Net - EMERGENCYKEY Checked : Y
2020-02-24 03:03:48,363 [1] INFO POExileDirection.DeadlyLog4Net - checkEmergency : Y
2020-02-24 03:03:48,364 [1] INFO POExileDirection.DeadlyLog4Net - REMAININGKEY Checked : Y
2020-02-24 03:03:48,373 [1] INFO POExileDirection.DeadlyLog4Net - checkRemaining : Y
2020-02-24 03:03:48,374 [1] INFO POExileDirection.DeadlyLog4Net - FINDBYPOSITIONKEY Checked : Y
2020-02-24 03:03:48,380 [1] INFO POExileDirection.DeadlyLog4Net - checkFindbyPosition : Y
2020-02-24 03:03:48,380 [1] INFO POExileDirection.DeadlyLog4Net - JUNKEY Checked : Y
2020-02-24 03:03:48,386 [1] INFO POExileDirection.DeadlyLog4Net - checkSyndicateJUN : Y
2020-02-24 03:03:48,387 [1] INFO POExileDirection.DeadlyLog4Net - HIDEOUTKEY Checked : Y
2020-02-24 03:03:48,392 [1] INFO POExileDirection.DeadlyLog4Net - checkHideout : Y
2020-02-24 03:03:48,393 [1] INFO POExileDirection.DeadlyLog4Net - ALVAKEY Checked : Y
2020-02-24 03:03:48,400 [1] INFO POExileDirection.DeadlyLog4Net - checkTempleALVA : Y
2020-02-24 03:03:48,400 [1] INFO POExileDirection.DeadlyLog4Net - AtlasZANAKEY Checked : Y
2020-02-24 03:03:48,406 [1] INFO POExileDirection.DeadlyLog4Net - checkAtlasZANA : Y
2020-02-24 03:03:48,406 [1] INFO POExileDirection.DeadlyLog4Net - PUSHPINLOCK = Y
2020-02-24 03:03:53,192 [1] INFO POExileDirection.DeadlyLog4Net - TimerDetect_Tick RESOLUTION : G:\ReposNew\POExileDirection\bin\Debug\ConfigPath.ini
2020-02-24 03:03:53,199 [1] INFO POExileDirection.DeadlyLog4Net - TimerDetect_Tick CTRL+MOUSEWHEEL : Y
2020-02-24 03:03:53,410 [1] INFO POExileDirection.DeadlyLog4Net - strRead : 1.4.0.0 Your version : 1.4.0.0
2020-02-24 03:03:53,414 [1] INFO POExileDirection.DeadlyLog4Net - MoveNext RESOLUTION : G:\ReposNew\POExileDirection\bin\Debug\ConfigPath.ini
2020-02-24 03:03:54,835 [1] INFO POExileDirection.DeadlyLog4Net - ▶ DeadlyTrade Main Control Form Started
2020-02-24 03:03:54,864 [1] INFO POExileDirection.DeadlyLog4Net - Validate_POELogFile RESOLUTION : G:\ReposNew\POExileDirection\bin\Debug\ConfigPath.ini
2020-02-24 03:03:55,035 [1] INFO POExileDirection.DeadlyLog4Net - Init_ControlFormPosition RESOLUTION : G:\ReposNew\POExileDirection\bin\Debug\ConfigPath.ini
2020-02-24 03:07:49,608 [1] INFO POExileDirection.DeadlyLog4Net - 〓〓〓〓〓 ↓↓↓ Launcher Load ↓↓↓ 〓〓〓〓〓
2020-02-24 03:07:49,789 [1] INFO POExileDirection.DeadlyLog4Net - FONT Exist
2020-02-24 03:07:49,953 [1] INFO POExileDirection.DeadlyLog4Net - Show Local Chat : True
2020-02-24 03:07:49,953 [1] INFO POExileDirection.DeadlyLog4Net - UI Language : ENG
2020-02-24 03:07:49,953 [1] INFO POExileDirection.DeadlyLog4Net - Flask Keys #1 49, #2 50, #3 51, #4 52, #5 53
2020-02-24 03:07:49,954 [1] INFO POExileDirection.DeadlyLog4Net - Skill Keys #Q 81, #W 87, #E 69, #R 82, #T 84
2020-02-24 03:07:49,954 [1] INFO POExileDirection.DeadlyLog4Net - resolution_height : 1080, resolution_width : 1920
2020-02-24 03:07:49,956 [1] INFO POExileDirection.DeadlyLog4Net - 112.161.83.15574D43511C23B
2020-02-24 03:07:50,115 [1] INFO POExileDirection.DeadlyLog4Net - Check_Authentication  : 112.161.83.15574D43511C23B
2020-02-24 03:07:50,641 [1] INFO POExileDirection.DeadlyLog4Net - LOGIN Welcome : 112.161.83.15574D43511C23B
2020-02-24 03:07:52,501 [1] INFO POExileDirection.DeadlyLog4Net - Get_NinjaData RESOLUTION : G:\ReposNew\POExileDirection\bin\Debug\ConfigPath.ini
2020-02-24 03:07:52,504 [1] INFO POExileDirection.DeadlyLog4Net - CTRL+MOUSEWHEEL Checked : Y
2020-02-24 03:07:52,529 [1] INFO POExileDirection.DeadlyLog4Net - checkUseWheelStash : Y
2020-02-24 03:07:52,530 [1] INFO POExileDirection.DeadlyLog4Net - EMERGENCYKEY Checked : Y
2020-02-24 03:07:52,538 [1] INFO POExileDirection.DeadlyLog4Net - checkEmergency : Y
2020-02-24 03:07:52,539 [1] INFO POExileDirection.DeadlyLog4Net - REMAININGKEY Checked : Y
2020-02-24 03:07:52,548 [1] INFO POExileDirection.DeadlyLog4Net - checkRemaining : Y
2020-02-24 03:07:52,548 [1] INFO POExileDirection.DeadlyLog4Net - FINDBYPOSITIONKEY Checked : Y
2020-02-24 03:07:52,558 [1] INFO POExileDirection.DeadlyLog4Net - checkFindbyPosition : Y
2020-02-24 03:07:52,559 [1] INFO POExileDirection.DeadlyLog4Net - JUNKEY Checked : Y
2020-02-24 03:07:52,568 [1] INFO POExileDirection.DeadlyLog4Net - checkSyndicateJUN : Y
2020-02-24 03:07:52,569 [1] INFO POExileDirection.DeadlyLog4Net - HIDEOUTKEY Checked : Y
2020-02-24 03:07:52,581 [1] INFO POExileDirection.DeadlyLog4Net - checkHideout : Y
2020-02-24 03:07:52,581 [1] INFO POExileDirection.DeadlyLog4Net - ALVAKEY Checked : Y
2020-02-24 03:07:52,604 [1] INFO POExileDirection.DeadlyLog4Net - checkTempleALVA : Y
2020-02-24 03:07:52,605 [1] INFO POExileDirection.DeadlyLog4Net - AtlasZANAKEY Checked : Y
2020-02-24 03:07:52,617 [1] INFO POExileDirection.DeadlyLog4Net - checkAtlasZANA : Y
2020-02-24 03:07:52,617 [1] INFO POExileDirection.DeadlyLog4Net - PUSHPINLOCK = Y
2020-02-24 03:07:57,678 [1] INFO POExileDirection.DeadlyLog4Net - TimerDetect_Tick RESOLUTION : G:\ReposNew\POExileDirection\bin\Debug\ConfigPath.ini
2020-02-24 03:07:57,685 [1] INFO POExileDirection.DeadlyLog4Net - TimerDetect_Tick CTRL+MOUSEWHEEL : Y
2020-02-24 03:07:57,909 [1] INFO POExileDirection.DeadlyLog4Net - strRead : 1.4.0.0 Your version : 1.4.0.0
2020-02-24 03:07:57,912 [1] INFO POExileDirection.DeadlyLog4Net - MoveNext RESOLUTION : G:\ReposNew\POExileDirection\bin\Debug\ConfigPath.ini
2020-02-24 03:07:58,537 [1] INFO POExileDirection.DeadlyLog4Net - ▶ DeadlyTrade Main Control Form Started
2020-02-24 03:07:58,565 [1] INFO POExileDirection.DeadlyLog4Net - Validate_POELogFile RESOLUTION : G:\ReposNew\POExileDirection\bin\Debug\ConfigPath.ini
2020-02-24 03:07:58,735 [1] INFO POExileDirection.DeadlyLog4Net - Init_ControlFormPosition RESOLUTION : G:\ReposNew\POExileDirection\bin\Debug\ConfigPath.ini
2020-02-24 03:08:01,078 [1] INFO POExileDirection.DeadlyLog4Net - CTRL+MOUSEWHEEL : Y
2020-02-24 03:11:38,002 [1] INFO POExileDirection.DeadlyLog4Net - LOGOUT : 112.161.83.15574D43511C23B Elapsedminute : 0
2020-02-24 03:11:38,003 [1] INFO POExileDirection.DeadlyLog4Net - 〓〓〓〓〓 ↑↑↑ Launcher END ↑↑↑ 〓〓〓〓〓
2020-02-24 03:11:38,247 [1] INFO POExileDirection.DeadlyLog4Net - LOGOUT : 112.161.83.15574D43511C23B Elapsedminute : 0
2020-02-24 03:11:38,249 [1] INFO POExileDirection.DeadlyLog4Net - ▶ DeadlyTrade Main Control Form Closed
2020-02-24 03:11:41,697 [1] INFO POExileDirection.DeadlyLog4Net - 〓〓〓〓〓 ↓↓↓ Launcher Load ↓↓↓ 〓〓〓〓〓
2020-02-24 03:11:41,736 [1] INFO POExileDirection.DeadlyLog4Net - FONT Exist
2020-02-24 03:11:41,872 [1] INFO POExileDirection.DeadlyLog4Net - Show Local Chat : True
2020-02-24 03:11:41,872 [1] INFO POExileDirection.DeadlyLog4Net - UI Language : ENG
2020-02-24 03:11:41,873 [1] INFO POExileDirection.DeadlyLog4Net - Flask Keys #1 49, #2 50, #3 51, #4 52, #5 53
2020-02-24 03:11:41,873 [1] INFO POExileDirection.DeadlyLog4Net - Skill Keys #Q 81, #W 87, #E 69, #R 82, #T 84
2020-02-24 03:11:41,873 [1] INFO POExileDirection.DeadlyLog4Net - resolution_height : 1080, resolution_width : 1920
2020-02-24 03:11:41,875 [1] INFO POExileDirection.DeadlyLog4Net - 112.161.83.15574D43511C23B
2020-02-24 03:11:41,992 [1] INFO POExileDirection.DeadlyLog4Net - Check_Authentication  : 112.161.83.15574D43511C23B
2020-02-24 03:11:42,460 [1] INFO POExileDirection.DeadlyLog4Net - LOGIN Welcome : 112.161.83.15574D43511C23B
2020-02-24 03:11:44,345 [1] INFO POExileDirection.DeadlyLog4Net - Get_NinjaData RESOLUTION : G:\ReposNew\POExileDirection\bin\Debug\ConfigPath.ini
2020-02-24 03:11:44,355 [1] INFO POExileDirection.DeadlyLog4Net - CTRL+MOUSEWHEEL Checked : Y
2020-02-24 03:11:44,364 [1] INFO POExileDirection.DeadlyLog4Net - checkUseWheelStash : Y
2020-02-24 03:11:44,376 [1] INFO POExileDirection.DeadlyLog4Net - EMERGENCYKEY Checked : Y
2020-02-24 03:11:44,391 [1] INFO POExileDirection.DeadlyLog4Net - checkEmergency : Y
2020-02-24 03:11:44,391 [1] INFO POExileDirection.DeadlyLog4Net - REMAININGKEY Checked : Y
2020-02-24 03:11:44,436 [1] INFO POExileDirection.DeadlyLog4Net - checkRemaining : Y
2020-02-24 03:11:44,437 [1] INFO POExileDirection.DeadlyLog4Net - FINDBYPOSITIONKEY Checked : Y
2020-02-24 03:11:44,461 [1] INFO POExileDirection.DeadlyLog4Net - checkFindbyPosition : Y
2020-02-24 03:11:44,462 [1] INFO POExileDirection.DeadlyLog4Net - JUNKEY Checked : Y
2020-02-24 03:11:44,484 [1] INFO POExileDirection.DeadlyLog4Net - checkSyndicateJUN : Y
2020-02-24 03:11:44,485 [1] INFO POExileDirection.DeadlyLog4Net - HIDEOUTKEY Checked : Y
2020-02-24 03:11:44,531 [1] INFO POExileDirection.DeadlyLog4Net - checkHideout : Y
2020-02-24 03:11:44,532 [1] INFO POExileDirection.DeadlyLog4Net - ALVAKEY Checked : Y
2020-02-24 03:11:44,540 [1] INFO POExileDirection.DeadlyLog4Net - checkTempleALVA : Y
2020-02-24 03:11:44,541 [1] INFO POExileDirection.DeadlyLog4Net - AtlasZANAKEY Checked : Y
2020-02-24 03:11:44,573 [1] INFO POExileDirection.DeadlyLog4Net - checkAtlasZANA : Y
2020-02-24 03:11:44,573 [1] INFO POExileDirection.DeadlyLog4Net - PUSHPINLOCK = Y
2020-02-24 03:11:49,406 [1] INFO POExileDirection.DeadlyLog4Net - TimerDetect_Tick RESOLUTION : G:\ReposNew\POExileDirection\bin\Debug\ConfigPath.ini
2020-02-24 03:11:49,424 [1] INFO POExileDirection.DeadlyLog4Net - TimerDetect_Tick CTRL+MOUSEWHEEL : Y
2020-02-24 03:11:49,654 [1] INFO POExileDirection.DeadlyLog4Net - strRead : 1.4.0.0 Your version : 1.4.0.0
2020-02-24 03:11:49,664 [1] INFO POExileDirection.DeadlyLog4Net - MoveNext RESOLUTION : G:\ReposNew\POExileDirection\bin\Debug\ConfigPath.ini
2020-02-24 03:11:50,690 [1] INFO POExileDirection.DeadlyLog4Net - ▶ DeadlyTrade Main Control Form Started
2020-02-24 03:11:50,727 [1] INFO POExileDirection.DeadlyLog4Net - Validate_POELogFile RESOLUTION : G:\ReposNew\POExileDirection\bin\Debug\ConfigPath.ini
2020-02-24 03:11:50,913 [1] INFO POExileDirection.DeadlyLog4Net - Init_ControlFormPosition RESOLUTION : G:\ReposNew\POExileDirection\bin\Debug\ConfigPath.ini
2020-02-24 03:11:53,261 [1] INFO POExileDirection.DeadlyLog4Net - CTRL+MOUSEWHEEL : Y
2020-02-24 03:27:25,364 [1] ERROR POExileDirection.DeadlyLog4Net - catch timerParser_Tick
System.NullReferenceException: 개체 참조가 개체의 인스턴스로 설정되지 않았습니다.
   위치: POExileDirection.ControlForm.timerParser_Tick(Object sender, EventArgs e) 파일 G:\ReposNew\POExileDirection\ControlForm.cs:줄 1854
2020-02-26 04:07:47,899 [1] INFO POExileDirection.DeadlyLog4Net - 〓〓〓〓〓 ↓↓↓ Launcher Load ↓↓↓ 〓〓〓〓〓
2020-02-26 04:07:48,167 [1] INFO POExileDirection.DeadlyLog4Net - FONT Exist
2020-02-26 04:07:48,248 [1] INFO POExileDirection.DeadlyLog4Net - Show Local Chat : True
2020-02-26 04:07:48,248 [1] INFO POExileDirection.DeadlyLog4Net - UI Language : ENG
2020-02-26 04:07:48,248 [1] INFO POExileDirection.DeadlyLog4Net - Flask Keys #1 49, #2 50, #3 51, #4 52, #5 53
2020-02-26 04:07:48,249 [1] INFO POExileDirection.DeadlyLog4Net - Skill Keys #Q 81, #W 87, #E 69, #R 82, #T 84
2020-02-26 04:07:48,249 [1] INFO POExileDirection.DeadlyLog4Net - resolution_height : 1080, resolution_width : 1920
2020-02-26 04:07:48,251 [1] INFO POExileDirection.DeadlyLog4Net - 112.161.83.15574D43511C23B
2020-02-26 04:07:48,356 [1] INFO POExileDirection.DeadlyLog4Net - Check_Authentication  : 112.161.83.15574D43511C23B
2020-02-26 04:07:48,841 [1] INFO POExileDirection.DeadlyLog4Net - LOGIN Welcome : 112.161.83.15574D43511C23B
2020-02-26 04:07:50,730 [1] INFO POExileDirection.DeadlyLog4Net - Get_NinjaData RESOLUTION : G:\ReposNew\POExileDirection\bin\Debug\ConfigPath.ini
2020-02-26 04:07:50,732 [1] INFO POExileDirection.DeadlyLog4Net - CTRL+MOUSEWHEEL Checked : Y
2020-02-26 04:07:50,738 [1] INFO POExileDirection.DeadlyLog4Net - checkUseWheelStash : Y
2020-02-26 04:07:50,738 [1] INFO POExileDirection.DeadlyLog4Net - EMERGENCYKEY Checked : Y
2020-02-26 04:07:50,759 [1] INFO POExileDirection.DeadlyLog4Net - checkEmergency : Y
2020-02-26 04:07:50,760 [1] INFO POExileDirection.DeadlyLog4Net - REMAININGKEY Checked : Y
2020-02-26 04:07:50,768 [1] INFO POExileDirection.DeadlyLog4Net - checkRemaining : Y
2020-02-26 04:07:50,769 [1] INFO POExileDirection.DeadlyLog4Net - FINDBYPOSITIONKEY Checked : Y
2020-02-26 04:07:50,775 [1] INFO POExileDirection.DeadlyLog4Net - checkFindbyPosition : Y
2020-02-26 04:07:50,776 [1] INFO POExileDirection.DeadlyLog4Net - JUNKEY Checked : Y
2020-02-26 04:07:50,781 [1] INFO POExileDirection.DeadlyLog4Net - checkSyndicateJUN : Y
2020-02-26 04:07:50,782 [1] INFO POExileDirection.DeadlyLog4Net - HIDEOUTKEY Checked : Y
2020-02-26 04:07:50,787 [1] INFO POExileDirection.DeadlyLog4Net - checkHideout : Y
2020-02-26 04:07:50,788 [1] INFO POExileDirection.DeadlyLog4Net - ALVAKEY Checked : Y
2020-02-26 04:07:50,793 [1] INFO POExileDirection.DeadlyLog4Net - checkTempleALVA : Y
2020-02-26 04:07:50,793 [1] INFO POExileDirection.DeadlyLog4Net - AtlasZANAKEY Checked : Y
2020-02-26 04:07:50,799 [1] INFO POExileDirection.DeadlyLog4Net - checkAtlasZANA : Y
2020-02-26 04:07:50,799 [1] INFO POExileDirection.DeadlyLog4Net - PUSHPINLOCK = Y
2020-02-26 04:08:04,281 [1] INFO POExileDirection.DeadlyLog4Net - TimerDetect_Tick RESOLUTION : G:\ReposNew\POExileDirection\bin\Debug\ConfigPath.ini
2020-02-26 04:08:04,286 [1] INFO POExileDirection.DeadlyLog4Net - TimerDetect_Tick CTRL+MOUSEWHEEL : Y
2020-02-26 04:08:04,506 [1] INFO POExileDirection.DeadlyLog4Net - strRead : 1.4.0.0 Your version : 1.4.0.0
2020-02-26 04:08:04,508 [1] INFO POExileDirection.DeadlyLog4Net - MoveNext RESOLUTION : G:\ReposNew\POExileDirection\bin\Debug\ConfigPath.ini
2020-02-26 04:08:06,980 [1] INFO POExileDirection.DeadlyLog4Net - ▶ DeadlyTrade Main Control Form Started
2020-02-26 04:08:07,010 [1] INFO POExileDirection.DeadlyLog4Net - Validate_POELogFile RESOLUTION : G:\ReposNew\POExileDirection\bin\Debug\ConfigPath.ini
2020-02-26 04:08:07,170 [1] INFO POExileDirection.DeadlyLog4Net - Init_ControlFormPosition RESOLUTION : G:\ReposNew\POExileDirection\bin\Debug\ConfigPath.ini
2020-02-26 04:08:09,500 [1] INFO POExileDirection.DeadlyLog4Net - CTRL+MOUSEWHEEL : Y
2020-02-26 04:58:30,461 [1] INFO POExileDirection.DeadlyLog4Net - LOGOUT : 112.161.83.15574D43511C23B Elapsedminute : 0
2020-02-26 04:58:30,461 [1] INFO POExileDirection.DeadlyLog4Net - 〓〓〓〓〓 ↑↑↑ Launcher END ↑↑↑ 〓〓〓〓〓
2020-02-26 04:58:30,695 [1] INFO POExileDirection.DeadlyLog4Net - LOGOUT : 112.161.83.15574D43511C23B Elapsedminute : 0
2020-02-26 04:58:30,698 [1] INFO POExileDirection.DeadlyLog4Net - ▶ DeadlyTrade Main Control Form Closed
2020-02-26 18:36:34,052 [1] INFO POExileDirection.DeadlyLog4Net - 〓〓〓〓〓 ↓↓↓ Launcher Load ↓↓↓ 〓〓〓〓〓
2020-02-26 18:36:34,103 [1] INFO POExileDirection.DeadlyLog4Net - FONT Exist
2020-02-26 18:36:34,199 [1] INFO POExileDirection.DeadlyLog4Net - Show Local Chat : True
2020-02-26 18:36:34,199 [1] INFO POExileDirection.DeadlyLog4Net - UI Language : ENG
2020-02-26 18:36:34,199 [1] INFO POExileDirection.DeadlyLog4Net - Flask Keys #1 49, #2 50, #3 51, #4 52, #5 53
2020-02-26 18:36:34,200 [1] INFO POExileDirection.DeadlyLog4Net - Skill Keys #Q 81, #W 87, #E 69, #R 82, #T 84
2020-02-26 18:36:34,200 [1] INFO POExileDirection.DeadlyLog4Net - resolution_height : 1080, resolution_width : 1920
2020-02-26 18:36:34,202 [1] INFO POExileDirection.DeadlyLog4Net - 112.161.83.15574D43511C23B
2020-02-26 18:36:34,331 [1] INFO POExileDirection.DeadlyLog4Net - Check_Authentication  : 112.161.83.15574D43511C23B
2020-02-26 18:36:34,822 [1] INFO POExileDirection.DeadlyLog4Net - LOGIN Welcome : 112.161.83.15574D43511C23B
2020-02-26 18:36:36,752 [1] INFO POExileDirection.DeadlyLog4Net - Get_NinjaData RESOLUTION : G:\ReposNew\POExileDirection\bin\Debug\ConfigPath.ini
2020-02-26 18:36:36,755 [1] INFO POExileDirection.DeadlyLog4Net - CTRL+MOUSEWHEEL Checked : Y
2020-02-26 18:36:36,761 [1] INFO POExileDirection.DeadlyLog4Net - checkUseWheelStash : Y
2020-02-26 18:36:36,762 [1] INFO POExileDirection.DeadlyLog4Net - EMERGENCYKEY Checked : Y
2020-02-26 18:36:36,771 [1] INFO POExileDirection.DeadlyLog4Net - checkEmergency : Y
2020-02-26 18:36:36,771 [1] INFO POExileDirection.DeadlyLog4Net - REMAININGKEY Checked : Y
2020-02-26 18:36:36,781 [1] INFO POExileDirection.DeadlyLog4Net - checkRemaining : Y
2020-02-26 18:36:36,781 [1] INFO POExileDirection.DeadlyLog4Net - FINDBYPOSITIONKEY Checked : Y
2020-02-26 18:36:36,788 [1] INFO POExileDirection.DeadlyLog4Net - checkFindbyPosition : Y
2020-02-26 18:36:36,788 [1] INFO POExileDirection.DeadlyLog4Net - JUNKEY Checked : Y
2020-02-26 18:36:36,794 [1] INFO POExileDirection.DeadlyLog4Net - checkSyndicateJUN : Y
2020-02-26 18:36:36,795 [1] INFO POExileDirection.DeadlyLog4Net - HIDEOUTKEY Checked : Y
2020-02-26 18:36:36,801 [1] INFO POExileDirection.DeadlyLog4Net - checkHideout : Y
2020-02-26 18:36:36,802 [1] INFO POExileDirection.DeadlyLog4Net - ALVAKEY Checked : Y
2020-02-26 18:36:36,809 [1] INFO POExileDirection.DeadlyLog4Net - checkTempleALVA : Y
2020-02-26 18:36:36,810 [1] INFO POExileDirection.DeadlyLog4Net - AtlasZANAKEY Checked : Y
2020-02-26 18:36:36,816 [1] INFO POExileDirection.DeadlyLog4Net - checkAtlasZANA : Y
2020-02-26 18:36:36,816 [1] INFO POExileDirection.DeadlyLog4Net - PUSHPINLOCK = Y
2020-02-26 18:36:50,282 [1] INFO POExileDirection.DeadlyLog4Net - TimerDetect_Tick RESOLUTION : G:\ReposNew\POExileDirection\bin\Debug\ConfigPath.ini
2020-02-26 18:36:50,287 [1] INFO POExileDirection.DeadlyLog4Net - TimerDetect_Tick CTRL+MOUSEWHEEL : Y
2020-02-26 18:36:50,543 [1] INFO POExileDirection.DeadlyLog4Net - strRead : 1.4.0.0 Your version : 1.4.0.0
2020-02-26 18:36:50,545 [1] INFO POExileDirection.DeadlyLog4Net - MoveNext RESOLUTION : G:\ReposNew\POExileDirection\bin\Debug\ConfigPath.ini
2020-02-26 18:36:51,575 [1] INFO POExileDirection.DeadlyLog4Net - ▶ DeadlyTrade Main Control Form Started
2020-02-26 18:36:51,902 [1] INFO POExileDirection.DeadlyLog4Net - Validate_POELogFile RESOLUTION : G:\ReposNew\POExileDirection\bin\Debug\ConfigPath.ini
2020-02-26 18:36:52,069 [1] INFO POExileDirection.DeadlyLog4Net - Init_ControlFormPosition RESOLUTION : G:\ReposNew\POExileDirection\bin\Debug\ConfigPath.ini
2020-02-26 18:36:54,411 [1] INFO POExileDirection.DeadlyLog4Net - CTRL+MOUSEWHEEL : Y
2020-02-26 19:05:11,530 [1] INFO POExileDirection.DeadlyLog4Net - SettingsForm_Load RESOLUTION : G:\ReposNew\POExileDirection\bin\Debug\ConfigPath.ini
2020-02-26 19:36:53,369 [1] INFO POExileDirection.DeadlyLog4Net - strRead : 1.4.0.0 Your version : 1.4.0.0
2020-02-26 19:36:53,370 [1] INFO POExileDirection.DeadlyLog4Net - MoveNext RESOLUTION : G:\ReposNew\POExileDirection\bin\Debug\ConfigPath.ini
2020-02-26 20:36:54,185 [1] INFO POExileDirection.DeadlyLog4Net - strRead : 1.4.0.0 Your version : 1.4.0.0
2020-02-26 20:36:54,186 [1] INFO POExileDirection.DeadlyLog4Net - MoveNext RESOLUTION : G:\ReposNew\POExileDirection\bin\Debug\ConfigPath.ini
2020-02-26 21:36:56,914 [1] INFO POExileDirection.DeadlyLog4Net - strRead : 1.4.0.0 Your version : 1.4.0.0
2020-02-26 21:36:56,915 [1] INFO POExileDirection.DeadlyLog4Net - MoveNext RESOLUTION : G:\ReposNew\POExileDirection\bin\Debug\ConfigPath.ini
2020-02-26 22:36:57,694 [1] INFO POExileDirection.DeadlyLog4Net - strRead : 1.4.0.0 Your version : 1.4.0.0
2020-02-26 22:36:57,948 [1] INFO POExileDirection.DeadlyLog4Net - MoveNext RESOLUTION : G:\ReposNew\POExileDirection\bin\Debug\ConfigPath.ini
2020-02-26 23:36:58,693 [1] INFO POExileDirection.DeadlyLog4Net - strRead : 1.4.0.0 Your version : 1.4.0.0
2020-02-26 23:36:58,949 [1] INFO POExileDirection.DeadlyLog4Net - MoveNext RESOLUTION : G:\ReposNew\POExileDirection\bin\Debug\ConfigPath.ini
